\BOOKMARK [-1][-]{part.1}{I Proposal}{}% 1
\BOOKMARK [0][-]{chapter.1}{Introduction}{part.1}% 2
\BOOKMARK [0][-]{chapter.2}{Background}{part.1}% 3
\BOOKMARK [0][-]{chapter.3}{Issues}{part.1}% 4
\BOOKMARK [0][-]{chapter.4}{Benefits and Constraints}{part.1}% 5
\BOOKMARK [0][-]{chapter.5}{Project Description}{part.1}% 6
\BOOKMARK [0][-]{chapter.6}{Project Aims and Objectives}{part.1}% 7
\BOOKMARK [0][-]{chapter.7}{Project Scope}{part.1}% 8
\BOOKMARK [0][-]{chapter.8}{Software and Hardware Requirements}{part.1}% 9
\BOOKMARK [1][-]{section.8.1}{FUNDING SOURCES}{chapter.8}% 10
\BOOKMARK [1][-]{section.8.2}{Minimum hardware requirements}{chapter.8}% 11
\BOOKMARK [1][-]{section.8.3}{Recommended hardware requirements}{chapter.8}% 12
\BOOKMARK [0][-]{chapter.9}{Developement Methodology}{part.1}% 13
\BOOKMARK [-1][-]{part.2}{II Project Management Plan}{}% 14
\BOOKMARK [0][-]{chapter.10}{Introduction}{part.2}% 15
\BOOKMARK [0][-]{chapter.11}{Work Breakdown Structure}{part.2}% 16
\BOOKMARK [0][-]{chapter.12}{Risk Management}{part.2}% 17
\BOOKMARK [0][-]{chapter.13}{Gantt Chart}{part.2}% 18
\BOOKMARK [-1][-]{part.3}{III Requirement Analysis}{}% 19
\BOOKMARK [0][-]{chapter.14}{Introduction}{part.3}% 20
\BOOKMARK [0][-]{chapter.15}{Requirement Summary}{part.3}% 21
\BOOKMARK [0][-]{chapter.16}{Functional Requirements}{part.3}% 22
\BOOKMARK [1][-]{section.16.1}{Use-Case Diagrams}{chapter.16}% 23
\BOOKMARK [1][-]{section.16.2}{High-Level Use Cases}{chapter.16}% 24
\BOOKMARK [0][-]{chapter.17}{Non-Functional Requirements}{part.3}% 25
\BOOKMARK [1][-]{section.17.1}{Technical Requirements}{chapter.17}% 26
\BOOKMARK [1][-]{section.17.2}{Usability Requirements}{chapter.17}% 27
\BOOKMARK [1][-]{section.17.3}{Reliability Requirements}{chapter.17}% 28
\BOOKMARK [1][-]{section.17.4}{Security Requirements}{chapter.17}% 29
\BOOKMARK [-1][-]{part.4}{IV Iterations}{}% 30
\BOOKMARK [0][-]{chapter.18}{Introduction}{part.4}% 31
\BOOKMARK [0][-]{chapter.19}{Purpose}{part.4}% 32
\BOOKMARK [0][-]{chapter.20}{Context}{part.4}% 33
\BOOKMARK [0][-]{chapter.21}{Scheule of Iteration Workflow}{part.4}% 34
